<?xml version="1.0" encoding="UTF-8"?>
<testsuite xmlns:xsi="http://www.w3.org/2001/XMLSchema-instance" xsi:noNamespaceSchemaLocation="https://maven.apache.org/surefire/maven-surefire-plugin/xsd/surefire-test-report-3.0.xsd" version="3.0" name="ru.sablin.app.bank.client.ClientRepositoryImplTest" time="1.673" tests="5" errors="0" skipped="0" failures="0">
  <properties>
[...]
</properties>
  <testcase name="moneyTransfer_isOk" classname="ru.sablin.app.bank.client.ClientRepositoryImplTest" time="0.102">
    <system-out><![CDATA[2024-03-04T01:15:54.487+07:00  INFO 68724 --- [           main] t.c.s.AnnotationConfigContextLoaderUtils : Could not detect default configuration classes for test class [ru.sablin.app.bank.client.ClientRepositoryImplTest]: ClientRepositoryImplTest does not declare any static, non-private, non-final, nested classes annotated with @Configuration.
2024-03-04T01:15:54.497+07:00  INFO 68724 --- [           main] .b.t.c.SpringBootTestContextBootstrapper : Found @SpringBootConfiguration ru.sablin.app.bank.BankApplication for test class ru.sablin.app.bank.client.ClientRepositoryImplTest

  .   ____          _            __ _ _
 /\\ / ___'_ __ _ _(_)_ __  __ _ \ \ \ \
( ( )\___ | '_ | '_| | '_ \/ _` | \ \ \ \
 \\/  ___)| |_)| | | | | || (_| |  ) ) ) )
  '  |____| .__|_| |_|_| |_\__, | / / / /
 =========|_|==============|___/=/_/_/_/
 :: Spring Boot ::                (v3.1.3)

2024-03-04T01:15:54.552+07:00  INFO 68724 --- [           main] r.s.a.b.client.ClientRepositoryImplTest  : Starting ClientRepositoryImplTest using Java 20.0.2 with PID 68724 (started by sabli in C:\Develop2023\projects\Bank\Bank)
2024-03-04T01:15:54.552+07:00  INFO 68724 --- [           main] r.s.a.b.client.ClientRepositoryImplTest  : No active profile set, falling back to 1 default profile: "default"
2024-03-04T01:15:55.100+07:00  INFO 68724 --- [           main] com.zaxxer.hikari.HikariDataSource       : HikariPool-1 - Starting...
2024-03-04T01:15:55.560+07:00  INFO 68724 --- [           main] com.zaxxer.hikari.pool.HikariPool        : HikariPool-1 - Added connection conn0: url=jdbc:h2:~/test user=SA
2024-03-04T01:15:55.563+07:00  INFO 68724 --- [           main] com.zaxxer.hikari.HikariDataSource       : HikariPool-1 - Start completed.
2024-03-04T01:15:55.976+07:00  INFO 68724 --- [           main] r.s.a.b.client.ClientRepositoryImplTest  : Started ClientRepositoryImplTest in 1.464 seconds (process running for 6.723)
]]></system-out>
  </testcase>
  <testcase name="moneyTransfer_IfClientNotFound__returnException" classname="ru.sablin.app.bank.client.ClientRepositoryImplTest" time="0.015"/>
  <testcase name="moneyTransfer_IfMoneyIsNullOrNegative_returnException" classname="ru.sablin.app.bank.client.ClientRepositoryImplTest" time="0.02"/>
  <testcase name="moneyTransfer_IfClientSenderAndClientRecipientEquals_returnException" classname="ru.sablin.app.bank.client.ClientRepositoryImplTest" time="0.013"/>
  <testcase name="moneyTransfer_IfNotEnoughMoneyBalance_returnException" classname="ru.sablin.app.bank.client.ClientRepositoryImplTest" time="0.014"/>
</testsuite>